<?xml version="1.0" encoding="UTF-8"?>
<testng-results ignored="0" total="1" passed="1" failed="0" skipped="0">
  <reporter-output>
  </reporter-output>
  <suite started-at="2020-12-23T22:59:33 GMT" name="Suite" finished-at="2020-12-23T22:59:57 GMT" duration-ms="23667">
    <groups>
    </groups>
    <test started-at="2020-12-23T22:59:33 GMT" name="Test" finished-at="2020-12-23T22:59:57 GMT" duration-ms="23667">
      <class name="appium.mobileframework.Tests">
        <test-method signature="wifiSettings()[pri:0, instance:appium.mobileframework.Tests@bd4dc25]" started-at="2020-12-23T22:59:33 GMT" name="wifiSettings" finished-at="2020-12-23T22:59:56 GMT" duration-ms="22209" status="PASS">
          <reporter-output>
          </reporter-output>
        </test-method> <!-- wifiSettings -->
        <test-method is-config="true" signature="tearDown()[pri:0, instance:appium.mobileframework.Tests@bd4dc25]" started-at="2020-12-23T22:59:56 GMT" name="tearDown" finished-at="2020-12-23T22:59:57 GMT" duration-ms="612" status="PASS">
          <reporter-output>
          </reporter-output>
        </test-method> <!-- tearDown -->
      </class> <!-- appium.mobileframework.Tests -->
    </test> <!-- Test -->
  </suite> <!-- Suite -->
</testng-results>
